<?xml version="1.0" encoding="UTF-8"?>
<!-- Generated by org.testng.reporters.JUnitXMLReporter -->
<testsuite ignored="0" hostname="Aparajeetas-MacBook-Air.local" failures="0" tests="3" name="Default test" time="5.568" errors="0" timestamp="2024-09-12T23:56:34 IST">
  <testcase classname="tests.BookingAPIsUsingFramework" name="createBooking" time="2.528"/>
  <testcase classname="tests.BookingAPIsUsingFramework" name="updateBooking" time="1.396"/>
  <testcase classname="tests.BookingAPIsUsingFramework" name="deleteBooking" time="1.458"/>
</testsuite> <!-- Default test -->
