<?xml version="1.0" encoding="UTF-8"?>
<!-- Generated by org.testng.reporters.JUnitXMLReporter -->
<testsuite ignored="0" hostname="Aparajeetas-MacBook-Air.local" failures="0" tests="3" name="Test" time="6.184" errors="0" timestamp="2024-09-12T10:58:57 IST">
  <testcase classname="tests.BookingAPIs" name="createBooking" time="2.891"/>
  <testcase classname="tests.BookingAPIsUsingFramework" name="createBooking" time="1.779"/>
  <testcase classname="tests.BookingAPIsUsingBuilderPatternFramework" name="createBooking" time="1.491"/>
</testsuite> <!-- Test -->
