<?xml version="1.0" encoding="UTF-8"?>
<testng-results ignored="0" total="3" passed="3" failed="0" skipped="0">
  <reporter-output>
  </reporter-output>
  <suite started-at="2024-09-12T23:56:28 IST" name="Default suite" finished-at="2024-09-12T23:56:34 IST" duration-ms="5568">
    <groups>
    </groups>
    <test started-at="2024-09-12T23:56:28 IST" name="Default test" finished-at="2024-09-12T23:56:34 IST" duration-ms="5568">
      <class name="tests.BookingAPIsUsingFramework">
        <test-method is-config="true" signature="setup()[pri:0, instance:tests.BookingAPIsUsingFramework@145f66e3]" started-at="2024-09-12T23:56:28 IST" name="setup" finished-at="2024-09-12T23:56:29 IST" duration-ms="164" status="PASS">
          <reporter-output>
          </reporter-output>
        </test-method> <!-- setup -->
        <test-method signature="createBooking()[pri:1, instance:tests.BookingAPIsUsingFramework@145f66e3]" started-at="2024-09-12T23:56:29 IST" name="createBooking" finished-at="2024-09-12T23:56:31 IST" duration-ms="2528" status="PASS">
          <reporter-output>
          </reporter-output>
        </test-method> <!-- createBooking -->
        <test-method signature="updateBooking(java.lang.String,java.lang.String)[pri:2, instance:tests.BookingAPIsUsingFramework@145f66e3]" started-at="2024-09-12T23:56:31 IST" name="updateBooking" data-provider="UpdateBooking" finished-at="2024-09-12T23:56:33 IST" duration-ms="1396" status="PASS">
          <params>
            <param index="0">
              <value>
                <![CDATA[Benhur]]>
              </value>
            </param>
            <param index="1">
              <value>
                <![CDATA[Kachhap]]>
              </value>
            </param>
          </params>
          <reporter-output>
          </reporter-output>
        </test-method> <!-- updateBooking -->
        <test-method signature="deleteBooking()[pri:3, instance:tests.BookingAPIsUsingFramework@145f66e3]" started-at="2024-09-12T23:56:33 IST" name="deleteBooking" finished-at="2024-09-12T23:56:34 IST" duration-ms="1458" status="PASS">
          <reporter-output>
          </reporter-output>
        </test-method> <!-- deleteBooking -->
      </class> <!-- tests.BookingAPIsUsingFramework -->
    </test> <!-- Default test -->
  </suite> <!-- Default suite -->
</testng-results>
